🚀 Starting Bot with Auto-Reload (watchmedo)...
[2026-03-20 12:16:26] [INFO    ] discord.client: logging in using static token
[2026-03-20 12:16:27] [INFO    ] discord.gateway: Shard ID None has connected to Gateway (Session ID: 20413c64bbe4df2b7ede1e71af99bb85).
Database setup complete at /Users/suhasc/Desktop/Coding/AgenticWorkflow0/photos.sqlite3
Slash commands synced.
Logged on as DR_Album#1537!
🚯 Automatically filtered meme/gif: `IMG_3051.jpg`
📸 High-Res Photo matched natively: `IMG_2988.jpg` (Sent: 2026-03-20 16:19). Anchoring to database!
✅ Safely Archived seamlessly to Dashboard!
[2026-03-20 12:22:41] [INFO    ] discord.client: logging in using static token
[2026-03-20 12:22:42] [INFO    ] discord.gateway: Shard ID None has connected to Gateway (Session ID: aa30450ebaa7116a60781b27ee7e9c4a).
Database setup complete at /Users/suhasc/Desktop/Coding/AgenticWorkflow0/photos.sqlite3
Slash commands synced.
Logged on as DR_Album#1537!
[2026-03-20 12:23:31] [INFO    ] discord.client: logging in using static token
[2026-03-20 12:23:32] [INFO    ] discord.gateway: Shard ID None has connected to Gateway (Session ID: 502576883cfff699580455aa131fbbc0).
Database setup complete at /Users/suhasc/Desktop/Coding/AgenticWorkflow0/photos.sqlite3
Slash commands synced.
Logged on as DR_Album#1537!
[2026-03-20 12:28:44] [INFO    ] discord.client: logging in using static token
[2026-03-20 12:28:45] [INFO    ] discord.gateway: Shard ID None has connected to Gateway (Session ID: 87bdfecaa9f8571d93efe1bfa7b945da).
Database setup complete at /Users/suhasc/Desktop/Coding/AgenticWorkflow0/photos.sqlite3
Slash commands synced.
Logged on as DR_Album#1537!
📸 High-Res Photo matched natively: `httpsmgroupmecomuploads2e84562ca8f7402286b08a01ad8f50c6540x960originalmp4_..mov` (Sent: 2026-03-20 16:29). Anchoring to database!
✅ Safely Archived seamlessly to Dashboard!
[2026-03-20 12:35:38] [INFO    ] discord.client: logging in using static token
[2026-03-20 12:35:39] [INFO    ] discord.gateway: Shard ID None has connected to Gateway (Session ID: 2f1e49369e9343272a74174bb97171c6).
Database setup complete at /Users/suhasc/Desktop/Coding/AgenticWorkflow0/photos.sqlite3
Slash commands synced.
Logged on as DR_Album#1537!
📸 High-Res Photo matched natively: `IMG_2987.jpg` (Sent: 2026-03-20 16:36). Anchoring to database!
✅ Safely Archived seamlessly to Dashboard!
[2026-03-20 12:36:48] [INFO    ] discord.client: logging in using static token
[2026-03-20 12:36:49] [INFO    ] discord.gateway: Shard ID None has connected to Gateway (Session ID: 2952bb766b78e1b7eed177118694e03e).
Database setup complete at /Users/suhasc/Desktop/Coding/AgenticWorkflow0/photos.sqlite3
Slash commands synced.
Logged on as DR_Album#1537!
[2026-03-20 13:10:59] [INFO    ] discord.client: logging in using static token
[2026-03-20 13:11:00] [INFO    ] discord.gateway: Shard ID None has connected to Gateway (Session ID: b30131d5ae395b35c965a1900a46d702).
